2013-3-19 14:15:30 org.apache.catalina.core.AprLifecycleListener init
信息: The APR based Apache Tomcat Native library which allows optimal performance in production environments was not found on the java.library.path: D:\Dev\Java\jdk1.6.0\bin;C:\Windows\Sun\Java\bin;C:\Windows\system32;C:\Windows;D:\oracle\product\10.2.0\db_1\bin;C:\Program Files\Common Files\NetSarang;D:\GZGZ\GZGZ_DEV\ant\bin;C:\Windows\system32;C:\Windows;C:\Windows\System32\Wbem;C:\Windows\System32\WindowsPowerShell\v1.0\;C:\Program Files\Common Files\Thunder Network\KanKan\Codecs;C:\Program Files\Symantec\pcAnywhere\;C:\Program Files\TortoiseSVN\bin;C:\Program Files\nodejs\;C:\strawberry\c\bin;C:\strawberry\perl\bin;E:\Go\bin;D:\Dev\mysql-5.1.58-win32\bin;D:\Dev\Java\jdk1.6.0\bin;C:\Program Files\SSH Communications Security\SSH Secure Shell;E:\Dev\maven\maven-3\bin;D:\AppServ\Apache2.2\bin;D:\AppServ\php5;D:\AppServ\MySQL\bin;C:\Users\cxiao\AppData\Roaming\npm\;.
2013-3-19 14:15:31 org.apache.coyote.AbstractProtocol init
信息: Initializing ProtocolHandler ["http-bio-8080"]
2013-3-19 14:15:31 org.apache.coyote.AbstractProtocol init
信息: Initializing ProtocolHandler ["ajp-bio-8009"]
2013-3-19 14:15:31 org.apache.catalina.startup.Catalina load
信息: Initialization processed in 1590 ms
2013-3-19 14:15:31 org.apache.catalina.core.StandardService startInternal
信息: Starting service Catalina
2013-3-19 14:15:31 org.apache.catalina.core.StandardEngine startInternal
信息: Starting Servlet Engine: Apache Tomcat/7.0.37
2013-3-19 14:15:31 org.apache.catalina.startup.HostConfig deployDirectory
信息: Deploying web application directory D:\apache-tomcat-7.0.37\webapps\docs
2013-3-19 14:15:32 org.apache.catalina.startup.HostConfig deployDirectory
信息: Deploying web application directory D:\apache-tomcat-7.0.37\webapps\examples
2013-3-19 14:15:32 org.apache.catalina.startup.HostConfig deployDirectory
信息: Deploying web application directory D:\apache-tomcat-7.0.37\webapps\host-manager
2013-3-19 14:15:32 org.apache.catalina.startup.HostConfig deployDirectory
信息: Deploying web application directory D:\apache-tomcat-7.0.37\webapps\manager
2013-3-19 14:15:32 org.apache.catalina.startup.HostConfig deployDirectory
信息: Deploying web application directory D:\apache-tomcat-7.0.37\webapps\ROOT
2013-3-19 14:15:32 org.apache.coyote.AbstractProtocol start
信息: Starting ProtocolHandler ["http-bio-8080"]
2013-3-19 14:15:32 org.apache.coyote.AbstractProtocol start
信息: Starting ProtocolHandler ["ajp-bio-8009"]
2013-3-19 14:15:32 org.apache.catalina.startup.Catalina start
信息: Server startup in 664 ms
